10:49:02.852 [main] DEBUG org.apache.poi.openxml4j.opc.PackageRelationshipCollection - Parsing relationship: /_rels/.rels
10:49:02.899 [main] DEBUG org.apache.poi.ooxml.POIXMLFactory - using default POIXMLDocumentPart for http://schemas.openxmlformats.org/officeDocument/2006/relationships/printerSettings
10:49:02.945 [main] DEBUG org.apache.poi.openxml4j.opc.PackageRelationshipCollection - Parsing relationship: /xl/_rels/workbook.xml.rels
10:49:02.958 [main] DEBUG org.apache.poi.openxml4j.opc.PackageRelationshipCollection - Parsing relationship: /xl/worksheets/_rels/sheet1.xml.rels
10:49:02.960 [main] DEBUG org.apache.poi.openxml4j.opc.PackageRelationshipCollection - Parsing relationship: /_rels/.rels
10:49:02.987 [main] DEBUG org.apache.poi.ooxml.POIXMLFactory - using default POIXMLDocumentPart for http://schemas.openxmlformats.org/officeDocument/2006/relationships/printerSettings
10:49:03.023 [main] DEBUG org.apache.poi.openxml4j.opc.PackageRelationshipCollection - Parsing relationship: /xl/_rels/workbook.xml.rels
10:49:03.025 [main] DEBUG org.apache.poi.openxml4j.opc.PackageRelationshipCollection - Parsing relationship: /xl/worksheets/_rels/sheet1.xml.rels
10:49:03.027 [main] DEBUG org.apache.poi.openxml4j.opc.PackageRelationshipCollection - Parsing relationship: /_rels/.rels
10:49:03.047 [main] DEBUG org.apache.poi.ooxml.POIXMLFactory - using default POIXMLDocumentPart for http://schemas.openxmlformats.org/officeDocument/2006/relationships/printerSettings
10:49:03.072 [main] DEBUG org.apache.poi.openxml4j.opc.PackageRelationshipCollection - Parsing relationship: /xl/_rels/workbook.xml.rels
10:49:03.073 [main] DEBUG org.apache.poi.openxml4j.opc.PackageRelationshipCollection - Parsing relationship: /xl/worksheets/_rels/sheet1.xml.rels
10:49:03.075 [main] DEBUG org.apache.poi.openxml4j.opc.PackageRelationshipCollection - Parsing relationship: /_rels/.rels
10:49:03.090 [main] DEBUG org.apache.poi.ooxml.POIXMLFactory - using default POIXMLDocumentPart for http://schemas.openxmlformats.org/officeDocument/2006/relationships/printerSettings
10:49:03.109 [main] INFO  testCases.TC_001_HomePageQuantumSoftTestDDT - **** Starting verify_fillFormDetailsDDT *****
10:49:15.377 [main] INFO  testCases.TC_001_HomePageQuantumSoftTestDDT - **** Finished verify_fillFormDetailsDDT *****
10:49:15.734 [main] INFO  testCases.TC_001_HomePageQuantumSoftTestDDT - **** Starting verify_FooterAboutUsLink *****
10:49:20.355 [main] INFO  testCases.TC_001_HomePageQuantumSoftTestDDT - **** Starting verify_FooterServicesLink *****
10:49:23.769 [main] INFO  testCases.TC_001_HomePageQuantumSoftTestDDT - **** Starting verify_FooterContactUsLink *****
10:53:14.842 [main] DEBUG org.testng.TestNG - suiteXmlPath: "D:\OpenTech\QuantumSoft\AboutUsTest.xml"
10:53:15.558 [main] INFO  org.testng.internal.Utils - [TestNG] Running:
  D:\OpenTech\QuantumSoft\AboutUsTest.xml

11:21:13.508 [main] DEBUG org.testng.TestNG - suiteXmlPath: "D:\OpenTech\QuantumSoft\Contact.xml"
11:21:13.978 [main] INFO  org.testng.internal.Utils - [TestNG] Running:
  D:\OpenTech\QuantumSoft\Contact.xml

11:25:55.529 [main] DEBUG org.testng.TestNG - suiteXmlPath: "D:\OpenTech\QuantumSoft\Contact.xml"
11:25:56.054 [main] INFO  org.testng.internal.Utils - [TestNG] Running:
  D:\OpenTech\QuantumSoft\Contact.xml

